---- Starting Process 0 / 26 ----
Process 0 does output file IO and command line IO
Process 1 has offset_x[0]: 0, offset_y[0]: 0, offset_ax[0]: 0, offset_ay[0]: 0, offset_bx[0]: 0, offset_by[0]: 0
Process 2 has offset_x[1]: 0, offset_y[1]: 360, offset_ax[1]: 0, offset_ay[1]: 360, offset_bx[1]: 360, offset_by[1]: 360
Process 3 has offset_x[2]: 0, offset_y[2]: 720, offset_ax[2]: 0, offset_ay[2]: 720, offset_bx[2]: 720, offset_by[2]: 720
Process 4 has offset_x[3]: 0, offset_y[3]: 1080, offset_ax[3]: 0, offset_ay[3]: 1080, offset_bx[3]: 1080, offset_by[3]: 1080
Process 5 has offset_x[4]: 0, offset_y[4]: 1440, offset_ax[4]: 0, offset_ay[4]: 1440, offset_bx[4]: 1440, offset_by[4]: 1440
---- Starting Process 3 / 26 ----
Process 3: left has world rank 2, right has world rank 4, top has world rank 23, bottom has world rank 8
---- Starting Process 16 / 26 ----
Process 16: left has world rank 20, right has world rank 17, top has world rank 11, bottom has world rank 21
---- Starting Process 4 / 26 ----
Process 4: left has world rank 3, right has world rank 5, top has world rank 24, bottom has world rank 9
---- Starting Process 18 / 26 ----
Process 18: left has world rank 17, right has world rank 19, top has world rank 13, bottom has world rank 23
---- Starting Process 5 / 26 ----
Process 5: left has world rank 4, right has world rank 1, top has world rank 25, bottom has world rank 10
---- Starting Process 19 / 26 ----
Process 19: left has world rank 18, right has world rank 20, top has world rank 14, bottom has world rank 24
---- Starting Process 6 / 26 ----
Process 6: left has world rank 10, right has world rank 7, top has world rank 1, bottom has world rank 11
---- Starting Process 21 / 26 ----
Process 21: left has world rank 25, right has world rank 22, top has world rank 16, bottom has world rank 1
---- Starting Process 8 / 26 ----
Process 8: left has world rank 7, right has world rank 9, top has world rank 3, bottom has world rank 13
---- Starting Process 22 / 26 ----
Process 22: left has world rank 21, right has world rank 23, top has world rank 17, bottom has world rank 2
---- Starting Process 10 / 26 ----
Process 10: left has world rank 9, right has world rank 6, top has world rank 5, bottom has world rank 15
---- Starting Process 24 / 26 ----
Process 24: left has world rank 23, right has world rank 25, top has world rank 19, bottom has world rank 4
---- Starting Process 11 / 26 ----
Process 11: left has world rank 15, right has world rank 12, top has world rank 6, bottom has world rank 16
---- Starting Process 25 / 26 ----
Process 25: left has world rank 24, right has world rank 21, top has world rank 20, bottom has world rank 5
---- Starting Process 12 / 26 ----
Process 12: left has world rank 11, right has world rank 13, top has world rank 7, bottom has world rank 17
---- Starting Process 13 / 26 ----
Process 13: left has world rank 12, right has world rank 14, top has world rank 8, bottom has world rank 18
Process 6 has offset_x[5]: 360, offset_y[5]: 0, offset_ax[5]: 360, offset_ay[5]: 360, offset_bx[5]: 360, offset_by[5]: 0
Process 7 has offset_x[6]: 360, offset_y[6]: 360, offset_ax[6]: 360, offset_ay[6]: 720, offset_bx[6]: 720, offset_by[6]: 360
Process 8 has offset_x[7]: 360, offset_y[7]: 720, offset_ax[7]: 360, offset_ay[7]: 1080, offset_bx[7]: 1080, offset_by[7]: 720
Process 9 has offset_x[8]: 360, offset_y[8]: 1080, offset_ax[8]: 360, offset_ay[8]: 1440, offset_bx[8]: 1440, offset_by[8]: 1080
Process 10 has offset_x[9]: 360, offset_y[9]: 1440, offset_ax[9]: 360, offset_ay[9]: 0, offset_bx[9]: 0, offset_by[9]: 1440
Process 11 has offset_x[10]: 720, offset_y[10]: 0, offset_ax[10]: 720, offset_ay[10]: 720, offset_bx[10]: 720, offset_by[10]: 0
Process 12 has offset_x[11]: 720, offset_y[11]: 360, offset_ax[11]: 720, offset_ay[11]: 1080, offset_bx[11]: 1080, offset_by[11]: 360
Process 13 has offset_x[12]: 720, offset_y[12]: 720, offset_ax[12]: 720, offset_ay[12]: 1440, offset_bx[12]: 1440, offset_by[12]: 720
Process 14 has offset_x[13]: 720, offset_y[13]: 1080, offset_ax[13]: 720, offset_ay[13]: 0, offset_bx[13]: 0, offset_by[13]: 1080
Process 15 has offset_x[14]: 720, offset_y[14]: 1440, offset_ax[14]: 720, offset_ay[14]: 360, offset_bx[14]: 360, offset_by[14]: 1440
Process 16 has offset_x[15]: 1080, offset_y[15]: 0, offset_ax[15]: 1080, offset_ay[15]: 1080, offset_bx[15]: 1080, offset_by[15]: 0
Process 17 has offset_x[16]: 1080, offset_y[16]: 360, offset_ax[16]: 1080, offset_ay[16]: 1440, offset_bx[16]: 1440, offset_by[16]: 360
Process 18 has offset_x[17]: 1080, offset_y[17]: 720, offset_ax[17]: 1080, offset_ay[17]: 0, offset_bx[17]: 0, offset_by[17]: 720
Process 19 has offset_x[18]: 1080, offset_y[18]: 1080, offset_ax[18]: 1080, offset_ay[18]: 360, offset_bx[18]: 360, offset_by[18]: 1080
Process 20 has offset_x[19]: 1080, offset_y[19]: 1440, offset_ax[19]: 1080, offset_ay[19]: 720, offset_bx[19]: 720, offset_by[19]: 1440
Process 21 has offset_x[20]: 1440, offset_y[20]: 0, offset_ax[20]: 1440, offset_ay[20]: 1440, offset_bx[20]: 1440, offset_by[20]: 0
Process 22 has offset_x[21]: 1440, offset_y[21]: 360, offset_ax[21]: 1440, offset_ay[21]: 0, offset_bx[21]: 0, offset_by[21]: 360
Process 23 has offset_x[22]: 1440, offset_y[22]: 720, offset_ax[22]: 1440, offset_ay[22]: 360, offset_bx[22]: 360, offset_by[22]: 720
Process 24 has offset_x[23]: 1440, offset_y[23]: 1080, offset_ax[23]: 1440, offset_ay[23]: 720, offset_bx[23]: 720, offset_by[23]: 1080
Process 25 has offset_x[24]: 1440, offset_y[24]: 1440, offset_ax[24]: 1440, offset_ay[24]: 1080, offset_bx[24]: 1080, offset_by[24]: 1440
There are 5 blocks in each direction
Each block has size 360
---- Starting Process 14 / 26 ----
Process 14: left has world rank 13, right has world rank 15, top has world rank 9, bottom has world rank 19
---- Starting Process 1 / 26 ----
Process 1: left has world rank 5, right has world rank 2, top has world rank 21, bottom has world rank 6
---- Starting Process 15 / 26 ----
Process 15: left has world rank 14, right has world rank 11, top has world rank 10, bottom has world rank 20
---- Starting Process 2 / 26 ----
Process 2: left has world rank 1, right has world rank 3, top has world rank 22, bottom has world rank 7
---- Starting Process 17 / 26 ----
Process 17: left has world rank 16, right has world rank 18, top has world rank 12, bottom has world rank 22
---- Starting Process 7 / 26 ----
Process 7: left has world rank 6, right has world rank 8, top has world rank 2, bottom has world rank 12
---- Starting Process 20 / 26 ----
Process 20: left has world rank 19, right has world rank 16, top has world rank 15, bottom has world rank 25
---- Starting Process 9 / 26 ----
Process 9: left has world rank 8, right has world rank 10, top has world rank 4, bottom has world rank 14
---- Starting Process 23 / 26 ----
Process 23: left has world rank 22, right has world rank 24, top has world rank 18, bottom has world rank 3
n:     1800
p:     0.05
Time:  0.310198
Check: 7C67
