---- Starting Process 20 / 37 ----
Process 20: left has world rank 19, right has world rank 21, top has world rank 14, bottom has world rank 26
---- Starting Process 21 / 37 ----
---- Starting Process 22 / 37 ----
Process 22: left has world rank 21, right has world rank 23, top has world rank 16, bottom has world rank 28
---- Starting Process 23 / 37 ----
Process 23: left has world rank 22, right has world rank 24, top has world rank 17, bottom has world rank 29
---- Starting Process 24 / 37 ----
Process 24: left has world rank 23, right has world rank 19, top has world rank 18, bottom has world rank 30
---- Starting Process 25 / 37 ----
Process 25: left has world rank 30, right has world rank 26, top has world rank 19, bottom has world rank 31
---- Starting Process 26 / 37 ----
Process 26: left has world rank 25, right has world rank 27, top has world rank 20, bottom has world rank 32
---- Starting Process 28 / 37 ----
Process 28: left has world rank 27, right has world rank 29, top has world rank 22, bottom has world rank 34
---- Starting Process 30 / 37 ----
Process 30: left has world rank 29, right has world rank 25, top has world rank 24, bottom has world rank 36
---- Starting Process 31 / 37 ----
Process 31: left has world rank 36, right has world rank 32, top has world rank 25, bottom has world rank 1
---- Starting Process 33 / 37 ----
Process 33: left has world rank 32, right has world rank 34, top has world rank 27, bottom has world rank 3
---- Starting Process 35 / 37 ----
Process 35: left has world rank 34, right has world rank 36, top has world rank 29, bottom has world rank 5
---- Starting Process 19 / 37 ----
Process 19: left has world rank 24, right has world rank 20, top has world rank 13, bottom has world rank 25
---- Starting Process 27 / 37 ----
Process 27: left has world rank 26, right has world rank 28, top has world rank 21, bottom has world rank 33
---- Starting Process 29 / 37 ----
Process 29: left has world rank 28, right has world rank 30, top has world rank 23, bottom has world rank 35
---- Starting Process 32 / 37 ----
Process 32: left has world rank 31, right has world rank 33, top has world rank 26, bottom has world rank 2
---- Starting Process 34 / 37 ----
Process 34: left has world rank 33, right has world rank 35, top has world rank 28, bottom has world rank 4
---- Starting Process 36 / 37 ----
Process 36: left has world rank 35, right has world rank 31, top has world rank 30, bottom has world rank 6
Process 21: left has world rank 20, right has world rank 22, top has world rank 15, bottom has world rank 27
---- Starting Process 0 / 37 ----
Process 0 does output file IO and command line IO
Process 1 has offset_x[0]: 0, offset_y[0]: 0, offset_ax[0]: 0, offset_ay[0]: 0, offset_bx[0]: 0, offset_by[0]: 0
Process 2 has offset_x[1]: 0, offset_y[1]: 300, offset_ax[1]: 0, offset_ay[1]: 300, offset_bx[1]: 300, offset_by[1]: 300
Process 3 has offset_x[2]: 0, offset_y[2]: 600, offset_ax[2]: 0, offset_ay[2]: 600, offset_bx[2]: 600, offset_by[2]: 600
Process 4 has offset_x[3]: 0, offset_y[3]: 900, offset_ax[3]: 0, offset_ay[3]: 900, offset_bx[3]: 900, offset_by[3]: 900
Process 5 has offset_x[4]: 0, offset_y[4]: 1200, offset_ax[4]: 0, offset_ay[4]: 1200, offset_bx[4]: 1200, offset_by[4]: 1200
Process 6 has offset_x[5]: 0, offset_y[5]: 1500, offset_ax[5]: 0, offset_ay[5]: 1500, offset_bx[5]: 1500, offset_by[5]: 1500
Process 7 has offset_x[6]: 300, offset_y[6]: 0, offset_ax[6]: 300, offset_ay[6]: 300, offset_bx[6]: 300, offset_by[6]: 0
Process 8 has offset_x[7]: 300, offset_y[7]: 300, offset_ax[7]: 300, offset_ay[7]: 600, offset_bx[7]: 600, offset_by[7]: 300
Process 9 has offset_x[8]: 300, offset_y[8]: 600, offset_ax[8]: 300, offset_ay[8]: 900, offset_bx[8]: 900, offset_by[8]: 600
Process 10 has offset_x[9]: 300, offset_y[9]: 900, offset_ax[9]: 300, offset_ay[9]: 1200, offset_bx[9]: 1200, offset_by[9]: 900
Process 11 has offset_x[10]: 300, offset_y[10]: 1200, offset_ax[10]: 300, offset_ay[10]: 1500, offset_bx[10]: 1500, offset_by[10]: 1200
Process 12 has offset_x[11]: 300, offset_y[11]: 1500, offset_ax[11]: 300, offset_ay[11]: 0, offset_bx[11]: 0, offset_by[11]: 1500
Process 13 has offset_x[12]: 600, offset_y[12]: 0, offset_ax[12]: 600, offset_ay[12]: 600, offset_bx[12]: 600, offset_by[12]: 0
Process 14 has offset_x[13]: 600, offset_y[13]: 300, offset_ax[13]: 600, offset_ay[13]: 900, offset_bx[13]: 900, offset_by[13]: 300
Process 15 has offset_x[14]: 600, offset_y[14]: 600, offset_ax[14]: 600, offset_ay[14]: 1200, offset_bx[14]: 1200, offset_by[14]: 600
Process 16 has offset_x[15]: 600, offset_y[15]: 900, offset_ax[15]: 600, offset_ay[15]: 1500, offset_bx[15]: 1500, offset_by[15]: 900
Process 17 has offset_x[16]: 600, offset_y[16]: 1200, offset_ax[16]: 600, offset_ay[16]: 0, offset_bx[16]: 0, offset_by[16]: 1200
Process 18 has offset_x[17]: 600, offset_y[17]: 1500, offset_ax[17]: 600, offset_ay[17]: 300, offset_bx[17]: 300, offset_by[17]: 1500
Process 19 has offset_x[18]: 900, offset_y[18]: 0, offset_ax[18]: 900, offset_ay[18]: 900, offset_bx[18]: 900, offset_by[18]: 0
Process 20 has offset_x[19]: 900, offset_y[19]: 300, offset_ax[19]: 900, offset_ay[19]: 1200, offset_bx[19]: 1200, offset_by[19]: 300
Process 21 has offset_x[20]: 900, offset_y[20]: 600, offset_ax[20]: 900, offset_ay[20]: 1500, offset_bx[20]: 1500, offset_by[20]: 600
Process 22 has offset_x[21]: 900, offset_y[21]: 900, offset_ax[21]: 900, offset_ay[21]: 0, offset_bx[21]: 0, offset_by[21]: 900
Process 23 has offset_x[22]: 900, offset_y[22]: 1200, offset_ax[22]: 900, offset_ay[22]: 300, offset_bx[22]: 300, offset_by[22]: 1200
Process 24 has offset_x[23]: 900, offset_y[23]: 1500, offset_ax[23]: 900, offset_ay[23]: 600, offset_bx[23]: 600, offset_by[23]: 1500
Process 25 has offset_x[24]: 1200, offset_y[24]: 0, offset_ax[24]: 1200, offset_ay[24]: 1200, offset_bx[24]: 1200, offset_by[24]: 0
Process 26 has offset_x[25]: 1200, offset_y[25]: 300, offset_ax[25]: 1200, offset_ay[25]: 1500, offset_bx[25]: 1500, offset_by[25]: 300
Process 27 has offset_x[26]: 1200, offset_y[26]: 600, offset_ax[26]: 1200, offset_ay[26]: 0, offset_bx[26]: 0, offset_by[26]: 600
Process 28 has offset_x[27]: 1200, offset_y[27]: 900, offset_ax[27]: 1200, offset_ay[27]: 300, offset_bx[27]: 300, offset_by[27]: 900
Process 29 has offset_x[28]: 1200, offset_y[28]: 1200, offset_ax[28]: 1200, offset_ay[28]: 600, offset_bx[28]: 600, offset_by[28]: 1200
Process 30 has offset_x[29]: 1200, offset_y[29]: 1500, offset_ax[29]: 1200, offset_ay[29]: 900, offset_bx[29]: 900, offset_by[29]: 1500
Process 31 has offset_x[30]: 1500, offset_y[30]: 0, offset_ax[30]: 1500, offset_ay[30]: 1500, offset_bx[30]: 1500, offset_by[30]: 0
Process 32 has offset_x[31]: 1500, offset_y[31]: 300, offset_ax[31]: 1500, offset_ay[31]: 0, offset_bx[31]: 0, offset_by[31]: 300
Process 33 has offset_x[32]: 1500, offset_y[32]: 600, offset_ax[32]: 1500, offset_ay[32]: 300, offset_bx[32]: 300, offset_by[32]: 600
Process 34 has offset_x[33]: 1500, offset_y[33]: 900, offset_ax[33]: 1500, offset_ay[33]: 600, offset_bx[33]: 600, offset_by[33]: 900
Process 35 has offset_x[34]: 1500, offset_y[34]: 1200, offset_ax[34]: 1500, offset_ay[34]: 900, offset_bx[34]: 900, offset_by[34]: 1200
Process 36 has offset_x[35]: 1500, offset_y[35]: 1500, offset_ax[35]: 1500, offset_ay[35]: 1200, offset_bx[35]: 1200, offset_by[35]: 1500
There are 6 blocks in each direction
Each block has size 300
---- Starting Process 1 / 37 ----
Process 1: left has world rank 6, right has world rank 2, top has world rank 31, bottom has world rank 7
---- Starting Process 2 / 37 ----
Process 2: left has world rank 1, right has world rank 3, top has world rank 32, bottom has world rank 8
---- Starting Process 3 / 37 ----
Process 3: left has world rank 2, right has world rank 4, top has world rank 33, bottom has world rank 9
---- Starting Process 4 / 37 ----
Process 4: left has world rank 3, right has world rank 5, top has world rank 34, bottom has world rank 10
---- Starting Process 5 / 37 ----
Process 5: left has world rank 4, right has world rank 6, top has world rank 35, bottom has world rank 11
---- Starting Process 6 / 37 ----
Process 6: left has world rank 5, right has world rank 1, top has world rank 36, bottom has world rank 12
---- Starting Process 7 / 37 ----
Process 7: left has world rank 12, right has world rank 8, top has world rank 1, bottom has world rank 13
---- Starting Process 8 / 37 ----
Process 8: left has world rank 7, right has world rank 9, top has world rank 2, bottom has world rank 14
---- Starting Process 9 / 37 ----
Process 9: left has world rank 8, right has world rank 10, top has world rank 3, bottom has world rank 15
---- Starting Process 10 / 37 ----
Process 10: left has world rank 9, right has world rank 11, top has world rank 4, bottom has world rank 16
---- Starting Process 11 / 37 ----
Process 11: left has world rank 10, right has world rank 12, top has world rank 5, bottom has world rank 17
---- Starting Process 12 / 37 ----
Process 12: left has world rank 11, right has world rank 7, top has world rank 6, bottom has world rank 18
---- Starting Process 13 / 37 ----
Process 13: left has world rank 18, right has world rank 14, top has world rank 7, bottom has world rank 19
---- Starting Process 14 / 37 ----
Process 14: left has world rank 13, right has world rank 15, top has world rank 8, bottom has world rank 20
---- Starting Process 15 / 37 ----
Process 15: left has world rank 14, right has world rank 16, top has world rank 9, bottom has world rank 21
---- Starting Process 16 / 37 ----
Process 16: left has world rank 15, right has world rank 17, top has world rank 10, bottom has world rank 22
---- Starting Process 17 / 37 ----
Process 17: left has world rank 16, right has world rank 18, top has world rank 11, bottom has world rank 23
---- Starting Process 18 / 37 ----
Process 18: left has world rank 17, right has world rank 13, top has world rank 12, bottom has world rank 24
n:     1800
p:     0.05
Time:  0.230239
Check: 7C67
